# JRE version: Java(TM) SE Runtime Environment (16.0.1+9) (build 16.0.1+9-24)
# Java VM: Java HotSpot(TM) 64-Bit Server VM (16.0.1+9-24, mixed mode, sharing, tiered, compressed oops, compressed class ptrs, g1 gc, windows-amd64)
GC Precious Log:
 CPUs: 24 total, 24 available
 Memory: 32707M
 Large Page Support: Disabled
 NUMA Support: Disabled
 Compressed Oops: Enabled (Zero based)
 Heap Region Size: 4M
 Heap Min Capacity: 8M
 Heap Initial Capacity: 512M
 Heap Max Capacity: 8180M
 Pre-touch: Disabled
 Parallel Workers: 18
 Concurrent Workers: 5
 Concurrent Refinement Workers: 18
 Periodic GC: Disabled
Heap:
 garbage-first heap   total 663552K, used 12089K [0x0000000600c00000, 0x0000000800000000)
  region size 4096K, 3 young (12288K), 3 survivors (12288K)
 Metaspace       used 16532K, committed 16832K, reserved 1064960K
  class space    used 1902K, committed 2048K, reserved 1048576K
GC Heap History (20 events):
Event: 0.448 GC heap after
{Heap after GC invocations=2 (full 0):
 garbage-first heap   total 524288K, used 3683K [0x0000000600c00000, 0x0000000800000000)
  region size 4096K, 1 young (4096K), 1 survivors (4096K)
 Metaspace       used 5627K, committed 5824K, reserved 1056768K
  class space    used 583K, committed 704K, reserved 1048576K
}
Event: 2.026 GC heap before
{Heap before GC invocations=2 (full 0):
 garbage-first heap   total 524288K, used 310883K [0x0000000600c00000, 0x0000000800000000)
  region size 4096K, 76 young (311296K), 1 survivors (4096K)
 Metaspace       used 15585K, committed 15808K, reserved 1064960K
  class space    used 1804K, committed 1920K, reserved 1048576K
}
Event: 2.030 GC heap after
{Heap after GC invocations=3 (full 0):
 garbage-first heap   total 524288K, used 8039K [0x0000000600c00000, 0x0000000800000000)
  region size 4096K, 2 young (8192K), 2 survivors (8192K)
 Metaspace       used 15585K, committed 15808K, reserved 1064960K
  class space    used 1804K, committed 1920K, reserved 1048576K
}
Event: 3.250 GC heap before
{Heap before GC invocations=3 (full 0):
 garbage-first heap   total 524288K, used 311143K [0x0000000600c00000, 0x0000000800000000)
  region size 4096K, 76 young (311296K), 2 survivors (8192K)
 Metaspace       used 15786K, committed 16128K, reserved 1064960K
  class space    used 1828K, committed 1984K, reserved 1048576K
}
Event: 3.253 GC heap after
{Heap after GC invocations=4 (full 0):
 garbage-first heap   total 524288K, used 10757K [0x0000000600c00000, 0x0000000800000000)
  region size 4096K, 3 young (12288K), 3 survivors (12288K)
 Metaspace       used 15786K, committed 16128K, reserved 1064960K
  class space    used 1828K, committed 1984K, reserved 1048576K
}
Event: 3.374 GC heap before
{Heap before GC invocations=4 (full 0):
 garbage-first heap   total 524288K, used 309765K [0x0000000600c00000, 0x0000000800000000)
  region size 4096K, 76 young (311296K), 3 survivors (12288K)
 Metaspace       used 16040K, committed 16320K, reserved 1064960K
  class space    used 1853K, committed 1984K, reserved 1048576K
}
Event: 3.377 GC heap after
{Heap after GC invocations=5 (full 0):
 garbage-first heap   total 524288K, used 11110K [0x0000000600c00000, 0x0000000800000000)
  region size 4096K, 3 young (12288K), 3 survivors (12288K)
 Metaspace       used 16040K, committed 16320K, reserved 1064960K
  class space    used 1853K, committed 1984K, reserved 1048576K
}
Event: 3.462 GC heap before
{Heap before GC invocations=5 (full 0):
 garbage-first heap   total 524288K, used 310118K [0x0000000600c00000, 0x0000000800000000)
  region size 4096K, 76 young (311296K), 3 survivors (12288K)
 Metaspace       used 16208K, committed 16512K, reserved 1064960K
  class space    used 1872K, committed 2048K, reserved 1048576K
}
Event: 3.466 GC heap after
{Heap after GC invocations=6 (full 0):
 garbage-first heap   total 524288K, used 11884K [0x0000000600c00000, 0x0000000800000000)
  region size 4096K, 3 young (12288K), 3 survivors (12288K)
 Metaspace       used 16208K, committed 16512K, reserved 1064960K
  class space    used 1872K, committed 2048K, reserved 1048576K
}
Event: 3.534 GC heap before
{Heap before GC invocations=6 (full 0):
 garbage-first heap   total 524288K, used 310892K [0x0000000600c00000, 0x0000000800000000)
  region size 4096K, 76 young (311296K), 3 survivors (12288K)
 Metaspace       used 16263K, committed 16576K, reserved 1064960K
  class space    used 1877K, committed 2048K, reserved 1048576K
}
Event: 3.537 GC heap after
{Heap after GC invocations=7 (full 0):
 garbage-first heap   total 524288K, used 12007K [0x0000000600c00000, 0x0000000800000000)
  region size 4096K, 3 young (12288K), 3 survivors (12288K)
 Metaspace       used 16263K, committed 16576K, reserved 1064960K
  class space    used 1877K, committed 2048K, reserved 1048576K
}
Event: 3.587 GC heap before
{Heap before GC invocations=7 (full 0):
 garbage-first heap   total 524288K, used 311015K [0x0000000600c00000, 0x0000000800000000)
  region size 4096K, 76 young (311296K), 3 survivors (12288K)
 Metaspace       used 16332K, committed 16640K, reserved 1064960K
  class space    used 1884K, committed 2048K, reserved 1048576K
}
Event: 3.591 GC heap after
{Heap after GC invocations=8 (full 0):
 garbage-first heap   total 663552K, used 11710K [0x0000000600c00000, 0x0000000800000000)
  region size 4096K, 3 young (12288K), 3 survivors (12288K)
 Metaspace       used 16332K, committed 16640K, reserved 1064960K
  class space    used 1884K, committed 2048K, reserved 1048576K
}
Event: 3.669 GC heap before
{Heap before GC invocations=8 (full 0):
 garbage-first heap   total 663552K, used 396734K [0x0000000600c00000, 0x0000000800000000)
  region size 4096K, 97 young (397312K), 3 survivors (12288K)
 Metaspace       used 16365K, committed 16640K, reserved 1064960K
  class space    used 1888K, committed 2048K, reserved 1048576K
}
Event: 3.673 GC heap after
{Heap after GC invocations=9 (full 0):
 garbage-first heap   total 663552K, used 12019K [0x0000000600c00000, 0x0000000800000000)
  region size 4096K, 3 young (12288K), 3 survivors (12288K)
 Metaspace       used 16365K, committed 16640K, reserved 1064960K
  class space    used 1888K, committed 2048K, reserved 1048576K
}
Event: 3.742 GC heap before
{Heap before GC invocations=9 (full 0):
 garbage-first heap   total 663552K, used 397043K [0x0000000600c00000, 0x0000000800000000)
  region size 4096K, 97 young (397312K), 3 survivors (12288K)
 Metaspace       used 16487K, committed 16832K, reserved 1064960K
  class space    used 1897K, committed 2048K, reserved 1048576K
}
Event: 3.745 GC heap after
{Heap after GC invocations=10 (full 0):
 garbage-first heap   total 663552K, used 11902K [0x0000000600c00000, 0x0000000800000000)
  region size 4096K, 3 young (12288K), 3 survivors (12288K)
 Metaspace       used 16487K, committed 16832K, reserved 1064960K
  class space    used 1897K, committed 2048K, reserved 1048576K
}
Event: 3.796 GC heap before
{Heap before GC invocations=10 (full 0):
 garbage-first heap   total 663552K, used 396926K [0x0000000600c00000, 0x0000000800000000)
  region size 4096K, 97 young (397312K), 3 survivors (12288K)
 Metaspace       used 16522K, committed 16832K, reserved 1064960K
  class space    used 1899K, committed 2048K, reserved 1048576K
}
Event: 3.799 GC heap after
{Heap after GC invocations=11 (full 0):
 garbage-first heap   total 663552K, used 11911K [0x0000000600c00000, 0x0000000800000000)
  region size 4096K, 3 young (12288K), 3 survivors (12288K)
 Metaspace       used 16522K, committed 16832K, reserved 1064960K
  class space    used 1899K, committed 2048K, reserved 1048576K
}
Event: 3.863 GC heap before
{Heap before GC invocations=11 (full 0):
 garbage-first heap   total 663552K, used 396935K [0x0000000600c00000, 0x0000000800000000)
  region size 4096K, 97 young (397312K), 3 survivors (12288K)
 Metaspace       used 16532K, committed 16832K, reserved 1064960K
  class space    used 1902K, committed 2048K, reserved 1048576K
}

