# JRE version: Java(TM) SE Runtime Environment (16.0.1+9) (build 16.0.1+9-24)
# Java VM: Java HotSpot(TM) 64-Bit Server VM (16.0.1+9-24, mixed mode, sharing, tiered, compressed oops, compressed class ptrs, g1 gc, windows-amd64)
GC Precious Log:
 CPUs: 24 total, 24 available
 Memory: 32707M
 Large Page Support: Disabled
 NUMA Support: Disabled
 Compressed Oops: Enabled (Zero based)
 Heap Region Size: 4M
 Heap Min Capacity: 8M
 Heap Initial Capacity: 512M
 Heap Max Capacity: 8180M
 Pre-touch: Disabled
 Parallel Workers: 18
 Concurrent Workers: 5
 Concurrent Refinement Workers: 18
 Periodic GC: Disabled
Heap:
 garbage-first heap   total 688128K, used 12114K [0x0000000600c00000, 0x0000000800000000)
  region size 4096K, 3 young (12288K), 3 survivors (12288K)
 Metaspace       used 16469K, committed 16768K, reserved 1064960K
  class space    used 1899K, committed 2048K, reserved 1048576K
GC Heap History (20 events):
Event: 0.457 GC heap after
{Heap after GC invocations=2 (full 0):
 garbage-first heap   total 524288K, used 3613K [0x0000000600c00000, 0x0000000800000000)
  region size 4096K, 1 young (4096K), 1 survivors (4096K)
 Metaspace       used 5630K, committed 5824K, reserved 1056768K
  class space    used 584K, committed 704K, reserved 1048576K
}
Event: 2.137 GC heap before
{Heap before GC invocations=2 (full 0):
 garbage-first heap   total 524288K, used 310813K [0x0000000600c00000, 0x0000000800000000)
  region size 4096K, 76 young (311296K), 1 survivors (4096K)
 Metaspace       used 15578K, committed 15808K, reserved 1064960K
  class space    used 1804K, committed 1920K, reserved 1048576K
}
Event: 2.141 GC heap after
{Heap after GC invocations=3 (full 0):
 garbage-first heap   total 524288K, used 7853K [0x0000000600c00000, 0x0000000800000000)
  region size 4096K, 2 young (8192K), 2 survivors (8192K)
 Metaspace       used 15578K, committed 15808K, reserved 1064960K
  class space    used 1804K, committed 1920K, reserved 1048576K
}
Event: 3.577 GC heap before
{Heap before GC invocations=3 (full 0):
 garbage-first heap   total 524288K, used 310957K [0x0000000600c00000, 0x0000000800000000)
  region size 4096K, 76 young (311296K), 2 survivors (8192K)
 Metaspace       used 15765K, committed 16000K, reserved 1064960K
  class space    used 1828K, committed 1984K, reserved 1048576K
}
Event: 3.580 GC heap after
{Heap after GC invocations=4 (full 0):
 garbage-first heap   total 524288K, used 10653K [0x0000000600c00000, 0x0000000800000000)
  region size 4096K, 3 young (12288K), 3 survivors (12288K)
 Metaspace       used 15765K, committed 16000K, reserved 1064960K
  class space    used 1828K, committed 1984K, reserved 1048576K
}
Event: 3.685 GC heap before
{Heap before GC invocations=4 (full 0):
 garbage-first heap   total 524288K, used 309661K [0x0000000600c00000, 0x0000000800000000)
  region size 4096K, 76 young (311296K), 3 survivors (12288K)
 Metaspace       used 15989K, committed 16256K, reserved 1064960K
  class space    used 1850K, committed 1984K, reserved 1048576K
}
Event: 3.688 GC heap after
{Heap after GC invocations=5 (full 0):
 garbage-first heap   total 524288K, used 11113K [0x0000000600c00000, 0x0000000800000000)
  region size 4096K, 3 young (12288K), 3 survivors (12288K)
 Metaspace       used 15989K, committed 16256K, reserved 1064960K
  class space    used 1850K, committed 1984K, reserved 1048576K
}
Event: 3.771 GC heap before
{Heap before GC invocations=5 (full 0):
 garbage-first heap   total 524288K, used 310121K [0x0000000600c00000, 0x0000000800000000)
  region size 4096K, 76 young (311296K), 3 survivors (12288K)
 Metaspace       used 16166K, committed 16448K, reserved 1064960K
  class space    used 1871K, committed 2048K, reserved 1048576K
}
Event: 3.774 GC heap after
{Heap after GC invocations=6 (full 0):
 garbage-first heap   total 524288K, used 11709K [0x0000000600c00000, 0x0000000800000000)
  region size 4096K, 3 young (12288K), 3 survivors (12288K)
 Metaspace       used 16166K, committed 16448K, reserved 1064960K
  class space    used 1871K, committed 2048K, reserved 1048576K
}
Event: 3.833 GC heap before
{Heap before GC invocations=6 (full 0):
 garbage-first heap   total 524288K, used 310717K [0x0000000600c00000, 0x0000000800000000)
  region size 4096K, 76 young (311296K), 3 survivors (12288K)
 Metaspace       used 16210K, committed 16576K, reserved 1064960K
  class space    used 1874K, committed 2048K, reserved 1048576K
}
Event: 3.837 GC heap after
{Heap after GC invocations=7 (full 0):
 garbage-first heap   total 524288K, used 11479K [0x0000000600c00000, 0x0000000800000000)
  region size 4096K, 3 young (12288K), 3 survivors (12288K)
 Metaspace       used 16210K, committed 16576K, reserved 1064960K
  class space    used 1874K, committed 2048K, reserved 1048576K
}
Event: 3.889 GC heap before
{Heap before GC invocations=7 (full 0):
 garbage-first heap   total 524288K, used 310487K [0x0000000600c00000, 0x0000000800000000)
  region size 4096K, 76 young (311296K), 3 survivors (12288K)
 Metaspace       used 16246K, committed 16576K, reserved 1064960K
  class space    used 1877K, committed 2048K, reserved 1048576K
}
Event: 3.893 GC heap after
{Heap after GC invocations=8 (full 0):
 garbage-first heap   total 688128K, used 11522K [0x0000000600c00000, 0x0000000800000000)
  region size 4096K, 3 young (12288K), 3 survivors (12288K)
 Metaspace       used 16246K, committed 16576K, reserved 1064960K
  class space    used 1877K, committed 2048K, reserved 1048576K
}
Event: 3.948 GC heap before
{Heap before GC invocations=8 (full 0):
 garbage-first heap   total 688128K, used 408834K [0x0000000600c00000, 0x0000000800000000)
  region size 4096K, 100 young (409600K), 3 survivors (12288K)
 Metaspace       used 16310K, committed 16640K, reserved 1064960K
  class space    used 1884K, committed 2048K, reserved 1048576K
}
Event: 3.951 GC heap after
{Heap after GC invocations=9 (full 0):
 garbage-first heap   total 688128K, used 11767K [0x0000000600c00000, 0x0000000800000000)
  region size 4096K, 3 young (12288K), 3 survivors (12288K)
 Metaspace       used 16310K, committed 16640K, reserved 1064960K
  class space    used 1884K, committed 2048K, reserved 1048576K
}
Event: 4.017 GC heap before
{Heap before GC invocations=9 (full 0):
 garbage-first heap   total 688128K, used 409079K [0x0000000600c00000, 0x0000000800000000)
  region size 4096K, 100 young (409600K), 3 survivors (12288K)
 Metaspace       used 16346K, committed 16640K, reserved 1064960K
  class space    used 1888K, committed 2048K, reserved 1048576K
}
Event: 4.021 GC heap after
{Heap after GC invocations=10 (full 0):
 garbage-first heap   total 688128K, used 11914K [0x0000000600c00000, 0x0000000800000000)
  region size 4096K, 3 young (12288K), 3 survivors (12288K)
 Metaspace       used 16346K, committed 16640K, reserved 1064960K
  class space    used 1888K, committed 2048K, reserved 1048576K
}
Event: 4.098 GC heap before
{Heap before GC invocations=10 (full 0):
 garbage-first heap   total 688128K, used 409226K [0x0000000600c00000, 0x0000000800000000)
  region size 4096K, 100 young (409600K), 3 survivors (12288K)
 Metaspace       used 16451K, committed 16768K, reserved 1064960K
  class space    used 1898K, committed 2048K, reserved 1048576K
}
Event: 4.103 GC heap after
{Heap after GC invocations=11 (full 0):
 garbage-first heap   total 688128K, used 11926K [0x0000000600c00000, 0x0000000800000000)
  region size 4096K, 3 young (12288K), 3 survivors (12288K)
 Metaspace       used 16451K, committed 16768K, reserved 1064960K
  class space    used 1898K, committed 2048K, reserved 1048576K
}
Event: 4.159 GC heap before
{Heap before GC invocations=11 (full 0):
 garbage-first heap   total 688128K, used 409238K [0x0000000600c00000, 0x0000000800000000)
  region size 4096K, 100 young (409600K), 3 survivors (12288K)
 Metaspace       used 16469K, committed 16768K, reserved 1064960K
  class space    used 1899K, committed 2048K, reserved 1048576K
}

